     1                                 %line 1+1 example.asm
     2                                 
     3                                 
     4                                 
     5                                 [section .data]
     6                                 
     7                                 
     8                                  EXIT_SUCCESS equ 0
     9                                  SYS_exit equ 60
    10                                 
    11                                 
    12 00000000 11                      bVar1 db 17
    13 00000001 09                      bVar2 db 9
    14 00000002 00                      bResult db 0
    15                                 
    16                                 
    17 00000003 6842                    wVar1 dw 17000
    18 00000005 2823                    wVar2 dw 9000
    19 00000007 0000                    wResult dw 0
    20                                 
    21                                 
    22 00000009 40660301                dVar1 dd 17000000
    23 0000000D 40548900                dVar2 dd 9000000
    24 00000011 00000000                dResult dd 0
    25                                 
    26                                 
    27 00000015 80FE210A00000000        qVar1 dq 170000000
    28 0000001D 804A5D0500000000        qVar2 dq 90000000
    29 00000025 0000000000000000        qResult dq 0
    30                                 
    31                                 
    32                                 
    33                                 [section .text]
    34                                 
    35                                 [global _start]
    36                                 
    37                                  _start:
    38                                 
    39                                 
    40                                 
    41                                 
    42                                 
    43                                 
    44 00000000 8A0425[00000000]        mov al, byte [bVar1]
    45 00000007 020425[00000000]        add al, byte [bVar2]
    46 0000000E 880425[00000000]        mov byte [bResult], al
    47                                 
    48                                 
    49                                 
    50 00000015 668B0425[00000000]      mov ax, word [wVar1]
    51 0000001D 66030425[00000000]      add ax, word [wVar2]
    52 00000025 66890425[00000000]      mov word [wResult], ax
    53                                 
    54                                 
    55                                 
    56 0000002D 8B0425[00000000]        mov eax, dword [dVar1]
    57 00000034 030425[00000000]        add eax, dword [dVar2]
    58 0000003B 890425[00000000]        mov dword [dResult], eax
    59                                 
    60                                 
    61                                 
    62 00000042 488B0425[00000000]      mov rax, qword [qVar1]
    63 0000004A 48030425[00000000]      add rax, qword [qVar2]
    64 00000052 48890425[00000000]      mov qword [qResult], rax
    65                                 
    66                                 
    67                                  last:
    68 0000005A 48C7C03C000000          mov rax, SYS_exit
    69 00000061 48C7C700000000          mov rdi, EXIT_SUCCESS
    70 00000068 0F05                    syscall
    71                                 
    72                                 
