     1                                 %line 1+1 isPractice.asm
     2                                 
     3                                 
     4                                 
     5                                 [section .data]
     6                                 
     7                                 
     8                                  EXIT_SUCCESS equ 0
     9                                  SYS_EXIT equ 60
    10                                 
    11                                 
    12 00000000 09                      byVar1 db 9
    13 00000001 49D4000000000000        qwVariable1 dq 54345
    14 00000009 0000000000000000        qwVariable2 dq 0
    15 00000011 0300000000000000        qwVariable3 dq 3
    16 00000019 00                      byResult db 0
    17                                 
    18                                 
    19                                 [section .text]
    20                                 
    21                                 
    22                                 [global _start]
    23                                 
    24                                  _start:
    25                                 
    26                                 
    27 00000000 B0F5                    mov al, 245
    28 00000002 66B83863                mov ax, 25400
    29 00000006 B8C0928301              mov eax, 25400000
    30 0000000B 48B800536597000000-     mov rax, 2540000000
    31 0000000B 00                 
    32 00000015 488B0425[00000000]      mov rax, qword [qwVariable1]
    33 0000001D 48890425[00000000]      mov qword [qwVariable2], rax
    34                                  _mov:
    35                                 
    36                                 
    37 00000025 488B0425[00000000]      mov rax, qword [qwVariable3]
    38 0000002D 488D0425[00000000]      lea rax, qword [qwVariable3]
    39                                  _lea:
    40                                 
    41                                 
    42 00000035 FEC0                    inc al
    43 00000037 FE0425[00000000]        inc byte [byVar1]
    44                                  _inc:
    45                                 
    46                                 
    47 0000003E 020425[00000000]        add al, byte [byVar1]
    48 00000045 880425[00000000]        mov byte [byResult], al
    49                                  _add:
    50                                 
    51                                 
    52 0000004C 80D100                  adc cl, 0
    53 0000004F 880C25[00000000]        mov byte [byResult], cl
    54                                  _adc:
    55                                 
    56                                 
    57 00000056 28C8                    sub al, cl
    58 00000058 880425[00000000]        mov byte [byResult], al
    59                                  _sub:
    60                                 
    61                                 
    62 0000005F FEC9                    dec cl
    63 00000061 880C25[00000000]        mov byte [byResult], cl
    64                                  _dec:
    65                                 
    66                                 
    67                                  _last:
    68 00000068 48C7C03C000000          mov rax, SYS_EXIT
    69 0000006F 48C7C700000000          mov rdi, EXIT_SUCCESS
    70 00000076 0F05                    syscall
    71                                 
    72                                 
    73                                 
    74                                 
    75                                 
    76                                 
    77                                 
